  main.cpp
  testField2.cpp
C:\Users\Арсений\source\repos\TD_Game\testField2.cpp(31,20): warning C4244: инициализация: преобразование "sf::Int64" в "float", возможна потеря данных
C:\Users\Арсений\source\repos\TD_Game\testField2.cpp(76,43): warning C4244: аргумент: преобразование "int" в "T", возможна потеря данных
          with
          [
              T=float
          ]
C:\Users\Арсений\source\repos\TD_Game\testField2.cpp(77,43): warning C4244: аргумент: преобразование "int" в "T", возможна потеря данных
          with
          [
              T=float
          ]
C:\Users\Арсений\source\repos\TD_Game\testField2.cpp(87,46): warning C4244: аргумент: преобразование "int" в "T", возможна потеря данных
          with
          [
              T=float
          ]
C:\Users\Арсений\source\repos\TD_Game\testField2.cpp(88,49): warning C4244: аргумент: преобразование "int" в "T", возможна потеря данных
          with
          [
              T=float
          ]
  Создание кода...
  TD_Game.vcxproj -> C:\Users\Арсений\source\repos\TD_Game\x64\Debug\TD_Game.exe
